<?xml version="1.0" encoding="UTF-8"?>
<!-- Generated by org.testng.reporters.JUnitXMLReporter -->
<testsuite ignored="4" hostname="DESKTOP-VMHPDCC" failures="0" tests="1" name="Default test" time="4.763" errors="0" timestamp="2023-06-14T18:27:51 CDT">
  <testcase classname="allureReport.allurepractice" name="onepresence" time="0.135"/>
  <testcase classname="allureReport.allurepractice" name="defaultpresence" time="0.0">
    <ignored/>
  </testcase> <!-- defaultpresence -->
  <testcase classname="allureReport.allurepractice" name="minuspresence" time="0.0">
    <ignored/>
  </testcase> <!-- minuspresence -->
  <testcase classname="allureReport.allurepractice" name="zeropresence" time="0.0">
    <ignored/>
  </testcase> <!-- zeropresence -->
  <testcase classname="allureReport.allurepractice" name="Twopresence" time="0.0">
    <ignored/>
  </testcase> <!-- Twopresence -->
</testsuite> <!-- Default test -->
